<?xml version="1.0" encoding="UTF-8"?>
<!-- Generated by org.testng.reporters.JUnitReportReporter -->
<testsuite hostname="DESKTOP-HUO56FK" failures="0" tests="1" name="seleniumframeworkdesign.testclasses.TestClass2" time="61.490" errors="0" timestamp="2024-05-12T11:49:57 IST" skipped="0">
  <testcase classname="seleniumframeworkdesign.testclasses.TestClass2" name="main" time="61.490"/>
</testsuite> <!-- seleniumframeworkdesign.testclasses.TestClass2 -->
