<?xml version="1.0" encoding="UTF-8"?>
<!-- Generated by org.testng.reporters.JUnitReportReporter -->
<testsuite hostname="DESKTOP-HUO56FK" failures="0" tests="2" name="seleniumframeworkdesign.testclasses.TestClass1" time="62.671" errors="0" timestamp="2024-07-21T16:03:27 IST" skipped="0">
  <testcase classname="seleniumframeworkdesign.testclasses.TestClass1" name="shopping" time="41.375"/>
  <testcase classname="seleniumframeworkdesign.testclasses.TestClass1" name="checkMyOrders" time="21.296"/>
</testsuite> <!-- seleniumframeworkdesign.testclasses.TestClass1 -->
