<?xml version="1.0" encoding="UTF-8"?>
<!-- Generated by org.testng.reporters.JUnitReportReporter -->
<testsuite hostname="DESKTOP-HUO56FK" failures="0" tests="2" name="seleniumframeworkdesign.testclasses.DataProviderForShopping" time="295.413" errors="0" timestamp="2024-05-18T20:39:16 IST" skipped="0">
  <testcase classname="seleniumframeworkdesign.testclasses.DataProviderForShopping" name="shopping" time="130.343"/>
  <testcase classname="seleniumframeworkdesign.testclasses.DataProviderForShopping" name="shopping" time="165.070"/>
</testsuite> <!-- seleniumframeworkdesign.testclasses.DataProviderForShopping -->
