<?xml version="1.0" encoding="UTF-8"?>
<!-- Generated by org.testng.reporters.JUnitReportReporter -->
<testsuite hostname="DESKTOP-HUO56FK" failures="0" tests="1" name="seleniumframeworkdesign.TestClass1" time="23.511" errors="0" timestamp="2024-05-01T17:29:29 IST" skipped="0">
  <testcase classname="seleniumframeworkdesign.TestClass1" name="main" time="23.511"/>
</testsuite> <!-- seleniumframeworkdesign.TestClass1 -->
