<?xml version="1.0" encoding="UTF-8"?>
<!-- Generated by org.testng.reporters.JUnitReportReporter -->
<testsuite hostname="DESKTOP-HUO56FK" failures="0" tests="2" name="seleniumframeworkdesign.testclasses.TestClass1" time="155.354" errors="0" timestamp="2024-07-07T13:25:44 IST" skipped="0">
  <testcase classname="seleniumframeworkdesign.testclasses.TestClass1" name="checkMyOrders" time="39.209"/>
  <testcase classname="seleniumframeworkdesign.testclasses.TestClass1" name="shopping" time="116.145"/>
</testsuite> <!-- seleniumframeworkdesign.testclasses.TestClass1 -->
