<?xml version="1.0" encoding="UTF-8"?>
<!-- Generated by org.testng.reporters.JUnitReportReporter -->
<testsuite hostname="DESKTOP-HUO56FK" failures="0" tests="1" name="seleniumframeworkdesign.testclasses.TestClass2" time="64.714" errors="0" timestamp="2024-07-07T13:12:12 IST" skipped="0">
  <testcase classname="seleniumframeworkdesign.testclasses.TestClass2" name="main" time="64.714"/>
</testsuite> <!-- seleniumframeworkdesign.testclasses.TestClass2 -->
