<?xml version="1.0" encoding="UTF-8"?>
<!-- Generated by org.testng.reporters.JUnitReportReporter -->
<testsuite hostname="DESKTOP-HUO56FK" failures="0" tests="2" name="seleniumframeworkdesign.testclasses.WrongCredentialsLogin" time="112.603" errors="0" timestamp="2024-07-07T13:25:44 IST" skipped="0">
  <testcase classname="seleniumframeworkdesign.testclasses.WrongCredentialsLogin" name="loginUsingWrongPassword" time="34.739"/>
  <testcase classname="seleniumframeworkdesign.testclasses.WrongCredentialsLogin" name="loginUsingWrongEmail" time="77.864"/>
</testsuite> <!-- seleniumframeworkdesign.testclasses.WrongCredentialsLogin -->
